Arguments: 
  C:\Program Files\nodejs\node.exe C:\Users\WIN10\AppData\Roaming\npm\node_modules\yarn\bin\yarn.js add slugify

PATH: 
  C:\Program Files\Common Files\Oracle\Java\javapath;C:\Program Files\AdoptOpenJDK\jdk-11.0.10.9-hotspot\bin;C:\Program Files (x86)\Common Files\Oracle\Java\javapath;C:\Windows\system32;C:\Windows;C:\Windows\System32\Wbem;C:\Windows\System32\WindowsPowerShell\v1.0\;C:\Windows\System32\OpenSSH\;C:\Program Files\NVIDIA Corporation\NVIDIA NvDLISR;C:\Program Files (x86)\NVIDIA Corporation\PhysX\Common;C:\Program Files\MongoDB\Server\4.4\bin;C:\Program Files\Git\cmd;C:\Program Files\PuTTY\;C:\Program Files\nodejs\;C:\Program Files\MySQL\MySQL Shell 8.0\bin\;C:\Users\WIN10\AppData\Local\Microsoft\WindowsApps;C:\Users\WIN10\AppData\Local\Programs\Microsoft VS Code\bin;C:\sqlite3;C:\Program Files\PostgreSQL\13\bin;C:\Users\WIN10\Desktop\deneme\diyalog_team-diyalog-admin-panel-8d1d74954a7e\node_modules;C:\\Users\\WIN10\\AppData\\Roaming\\npm\\node_modules\\npm\\bin\\npm-cli.js;C:\Users\WIN10\AppData\Local\GitHubDesktop\bin;C:\Program Files\JetBrains\IntelliJ IDEA Community Edition 2021.1.2\bin;;C:\Users\WIN10\AppData\Roaming\npm

Yarn version: 
  1.22.10

Node version: 
  14.17.3

Platform: 
  win32 x64

Trace: 
  Error: EPERM: operation not permitted, unlink 'C:\Users\WIN10\Desktop\rsr\server\node_modules\bcrypt\lib\binding\napi-v3\bcrypt_lib.node'

npm manifest: 
  {
    "name": "server",
    "version": "1.0.0",
    "description": "",
    "main": "index.js",
    "scripts": {
      "start": "nodemon -r esm server.js"
    },
    "keywords": [],
    "author": "",
    "license": "ISC",
    "dependencies": {
      "aws-sdk": "^2.876.0",
      "bcrypt": "^5.0.1",
      "cookie-parser": "^1.4.5",
      "cors": "^2.8.5",
      "csurf": "^1.11.0",
      "dotenv": "^8.2.0",
      "esm": "^3.2.25",
      "express": "^4.17.1",
      "express-formidable": "^1.2.0",
      "express-jwt": "^6.0.0",
      "jsonwebtoken": "^8.5.1",
      "mongoose": "^5.12.0",
      "morgan": "^1.10.0",
      "nanoid": "^3.1.22",
      "nodemon": "^2.0.7",
      "query-string": "^7.0.0",
      "slugify": "^1.6.5",
      "stripe": "^8.141.0"
    }
  }

yarn manifest: 
  No manifest

Lockfile: 
  No lockfile
